{"C:\\Users\\Snj_C\\LFA\\lap2\\Lap2_Project\\reddy22_server\\controllers\\binController.js": {"path":"C:\\Users\\Snj_C\\LFA\\lap2\\Lap2_Project\\reddy22_server\\controllers\\binController.js","statementMap":{"0":{"start":{"line":1,"column":12},"end":{"line":1,"column":36}},"1":{"start":{"line":3,"column":14},"end":{"line":11,"column":1}},"2":{"start":{"line":4,"column":2},"end":{"line":10,"column":3}},"3":{"start":{"line":5,"column":17},"end":{"line":5,"column":35}},"4":{"start":{"line":6,"column":4},"end":{"line":6,"column":32}},"5":{"start":{"line":7,"column":4},"end":{"line":7,"column":31}},"6":{"start":{"line":9,"column":4},"end":{"line":9,"column":49}},"7":{"start":{"line":13,"column":13},"end":{"line":22,"column":1}},"8":{"start":{"line":15,"column":2},"end":{"line":21,"column":3}},"9":{"start":{"line":16,"column":17},"end":{"line":16,"column":40}},"10":{"start":{"line":17,"column":16},"end":{"line":17,"column":38}},"11":{"start":{"line":18,"column":4},"end":{"line":18,"column":37}},"12":{"start":{"line":20,"column":4},"end":{"line":20,"column":48}},"13":{"start":{"line":24,"column":0},"end":{"line":24,"column":33}}},"fnMap":{"0":{"name":"(anonymous_0)","decl":{"start":{"line":3,"column":14},"end":{"line":3,"column":15}},"loc":{"start":{"line":3,"column":34},"end":{"line":11,"column":1}},"line":3},"1":{"name":"(anonymous_1)","decl":{"start":{"line":13,"column":13},"end":{"line":13,"column":14}},"loc":{"start":{"line":13,"column":33},"end":{"line":22,"column":1}},"line":13}},"branchMap":{},"s":{"0":1,"1":1,"2":2,"3":2,"4":1,"5":1,"6":1,"7":1,"8":2,"9":2,"10":2,"11":1,"12":1,"13":1},"f":{"0":2,"1":2},"b":{},"_coverageSchema":"1a1c01bbd47fc00a2c39e90264f33305004495a9","hash":"7f0d9b023c2e605846ac32f6f46495ac6076aac8"}
,"C:\\Users\\Snj_C\\LFA\\lap2\\Lap2_Project\\reddy22_server\\controllers\\materialController.js": {"path":"C:\\Users\\Snj_C\\LFA\\lap2\\Lap2_Project\\reddy22_server\\controllers\\materialController.js","statementMap":{"0":{"start":{"line":1,"column":17},"end":{"line":1,"column":46}},"1":{"start":{"line":3,"column":14},"end":{"line":10,"column":1}},"2":{"start":{"line":4,"column":2},"end":{"line":9,"column":3}},"3":{"start":{"line":5,"column":22},"end":{"line":5,"column":45}},"4":{"start":{"line":6,"column":4},"end":{"line":6,"column":36}},"5":{"start":{"line":8,"column":4},"end":{"line":8,"column":49}},"6":{"start":{"line":12,"column":29},"end":{"line":20,"column":1}},"7":{"start":{"line":13,"column":16},"end":{"line":13,"column":39}},"8":{"start":{"line":14,"column":2},"end":{"line":19,"column":3}},"9":{"start":{"line":15,"column":22},"end":{"line":15,"column":63}},"10":{"start":{"line":16,"column":4},"end":{"line":16,"column":36}},"11":{"start":{"line":18,"column":4},"end":{"line":18,"column":49}},"12":{"start":{"line":22,"column":30},"end":{"line":30,"column":1}},"13":{"start":{"line":23,"column":16},"end":{"line":23,"column":39}},"14":{"start":{"line":24,"column":2},"end":{"line":29,"column":3}},"15":{"start":{"line":25,"column":22},"end":{"line":25,"column":64}},"16":{"start":{"line":26,"column":4},"end":{"line":26,"column":36}},"17":{"start":{"line":28,"column":4},"end":{"line":28,"column":49}},"18":{"start":{"line":32,"column":25},"end":{"line":48,"column":1}},"19":{"start":{"line":33,"column":21},"end":{"line":33,"column":44}},"20":{"start":{"line":34,"column":2},"end":{"line":34,"column":26}},"21":{"start":{"line":36,"column":2},"end":{"line":47,"column":3}},"22":{"start":{"line":37,"column":21},"end":{"line":37,"column":63}},"23":{"start":{"line":39,"column":4},"end":{"line":41,"column":5}},"24":{"start":{"line":40,"column":6},"end":{"line":40,"column":67}},"25":{"start":{"line":43,"column":4},"end":{"line":43,"column":42}},"26":{"start":{"line":45,"column":4},"end":{"line":45,"column":55}},"27":{"start":{"line":46,"column":4},"end":{"line":46,"column":68}},"28":{"start":{"line":50,"column":0},"end":{"line":55,"column":2}}},"fnMap":{"0":{"name":"(anonymous_0)","decl":{"start":{"line":3,"column":14},"end":{"line":3,"column":15}},"loc":{"start":{"line":3,"column":34},"end":{"line":10,"column":1}},"line":3},"1":{"name":"(anonymous_1)","decl":{"start":{"line":12,"column":29},"end":{"line":12,"column":30}},"loc":{"start":{"line":12,"column":49},"end":{"line":20,"column":1}},"line":12},"2":{"name":"(anonymous_2)","decl":{"start":{"line":22,"column":30},"end":{"line":22,"column":31}},"loc":{"start":{"line":22,"column":50},"end":{"line":30,"column":1}},"line":22},"3":{"name":"(anonymous_3)","decl":{"start":{"line":32,"column":25},"end":{"line":32,"column":26}},"loc":{"start":{"line":32,"column":45},"end":{"line":48,"column":1}},"line":32}},"branchMap":{"0":{"loc":{"start":{"line":39,"column":4},"end":{"line":41,"column":5}},"type":"if","locations":[{"start":{"line":39,"column":4},"end":{"line":41,"column":5}},{"start":{},"end":{}}],"line":39}},"s":{"0":1,"1":1,"2":2,"3":2,"4":1,"5":1,"6":1,"7":3,"8":3,"9":3,"10":1,"11":2,"12":1,"13":1,"14":1,"15":1,"16":1,"17":0,"18":1,"19":2,"20":2,"21":2,"22":2,"23":1,"24":0,"25":1,"26":1,"27":1,"28":1},"f":{"0":2,"1":3,"2":1,"3":2},"b":{"0":[0,1]},"_coverageSchema":"1a1c01bbd47fc00a2c39e90264f33305004495a9","hash":"55bb84aa6a027647708e48a4492ed59cdcf659e0"}
,"C:\\Users\\Snj_C\\LFA\\lap2\\Lap2_Project\\reddy22_server\\controllers\\postController.js": {"path":"C:\\Users\\Snj_C\\LFA\\lap2\\Lap2_Project\\reddy22_server\\controllers\\postController.js","statementMap":{"0":{"start":{"line":1,"column":13},"end":{"line":1,"column":38}},"1":{"start":{"line":2,"column":14},"end":{"line":2,"column":40}},"2":{"start":{"line":3,"column":13},"end":{"line":3,"column":38}},"3":{"start":{"line":5,"column":14},"end":{"line":12,"column":1}},"4":{"start":{"line":6,"column":2},"end":{"line":11,"column":3}},"5":{"start":{"line":7,"column":18},"end":{"line":7,"column":37}},"6":{"start":{"line":8,"column":4},"end":{"line":8,"column":32}},"7":{"start":{"line":10,"column":4},"end":{"line":10,"column":47}},"8":{"start":{"line":14,"column":15},"end":{"line":25,"column":1}},"9":{"start":{"line":15,"column":2},"end":{"line":24,"column":3}},"10":{"start":{"line":16,"column":17},"end":{"line":16,"column":25}},"11":{"start":{"line":17,"column":22},"end":{"line":17,"column":50}},"12":{"start":{"line":18,"column":18},"end":{"line":18,"column":54}},"13":{"start":{"line":20,"column":19},"end":{"line":20,"column":73}},"14":{"start":{"line":21,"column":4},"end":{"line":21,"column":33}},"15":{"start":{"line":23,"column":4},"end":{"line":23,"column":47}},"16":{"start":{"line":27,"column":13},"end":{"line":35,"column":1}},"17":{"start":{"line":28,"column":2},"end":{"line":34,"column":3}},"18":{"start":{"line":29,"column":15},"end":{"line":29,"column":38}},"19":{"start":{"line":30,"column":17},"end":{"line":30,"column":42}},"20":{"start":{"line":31,"column":4},"end":{"line":31,"column":31}},"21":{"start":{"line":33,"column":4},"end":{"line":33,"column":47}},"22":{"start":{"line":37,"column":16},"end":{"line":57,"column":1}},"23":{"start":{"line":38,"column":2},"end":{"line":56,"column":3}},"24":{"start":{"line":39,"column":15},"end":{"line":39,"column":38}},"25":{"start":{"line":40,"column":22},"end":{"line":40,"column":50}},"26":{"start":{"line":41,"column":18},"end":{"line":41,"column":54}},"27":{"start":{"line":42,"column":17},"end":{"line":42,"column":53}},"28":{"start":{"line":44,"column":17},"end":{"line":44,"column":42}},"29":{"start":{"line":46,"column":4},"end":{"line":53,"column":5}},"30":{"start":{"line":47,"column":21},"end":{"line":47,"column":41}},"31":{"start":{"line":48,"column":6},"end":{"line":48,"column":28}},"32":{"start":{"line":50,"column":6},"end":{"line":52,"column":9}},"33":{"start":{"line":55,"column":4},"end":{"line":55,"column":47}},"34":{"start":{"line":59,"column":0},"end":{"line":64,"column":2}}},"fnMap":{"0":{"name":"(anonymous_0)","decl":{"start":{"line":5,"column":14},"end":{"line":5,"column":15}},"loc":{"start":{"line":5,"column":34},"end":{"line":12,"column":1}},"line":5},"1":{"name":"(anonymous_1)","decl":{"start":{"line":14,"column":15},"end":{"line":14,"column":16}},"loc":{"start":{"line":14,"column":35},"end":{"line":25,"column":1}},"line":14},"2":{"name":"(anonymous_2)","decl":{"start":{"line":27,"column":13},"end":{"line":27,"column":14}},"loc":{"start":{"line":27,"column":33},"end":{"line":35,"column":1}},"line":27},"3":{"name":"(anonymous_3)","decl":{"start":{"line":37,"column":16},"end":{"line":37,"column":17}},"loc":{"start":{"line":37,"column":36},"end":{"line":57,"column":1}},"line":37}},"branchMap":{"0":{"loc":{"start":{"line":46,"column":4},"end":{"line":53,"column":5}},"type":"if","locations":[{"start":{"line":46,"column":4},"end":{"line":53,"column":5}},{"start":{"line":49,"column":11},"end":{"line":53,"column":5}}],"line":46},"1":{"loc":{"start":{"line":46,"column":8},"end":{"line":46,"column":48}},"type":"binary-expr","locations":[{"start":{"line":46,"column":8},"end":{"line":46,"column":32}},{"start":{"line":46,"column":36},"end":{"line":46,"column":48}}],"line":46}},"s":{"0":1,"1":1,"2":1,"3":1,"4":2,"5":2,"6":1,"7":1,"8":1,"9":2,"10":2,"11":2,"12":2,"13":2,"14":1,"15":1,"16":1,"17":2,"18":2,"19":2,"20":1,"21":1,"22":1,"23":3,"24":3,"25":3,"26":3,"27":3,"28":3,"29":2,"30":1,"31":1,"32":1,"33":1,"34":1},"f":{"0":2,"1":2,"2":2,"3":3},"b":{"0":[1,1],"1":[2,2]},"_coverageSchema":"1a1c01bbd47fc00a2c39e90264f33305004495a9","hash":"e2685bfd3c0f5bb6661ba33d65d27c5d0d8353b2"}
,"C:\\Users\\Snj_C\\LFA\\lap2\\Lap2_Project\\reddy22_server\\controllers\\userController.js": {"path":"C:\\Users\\Snj_C\\LFA\\lap2\\Lap2_Project\\reddy22_server\\controllers\\userController.js","statementMap":{"0":{"start":{"line":1,"column":15},"end":{"line":1,"column":32}},"1":{"start":{"line":3,"column":13},"end":{"line":3,"column":38}},"2":{"start":{"line":4,"column":14},"end":{"line":4,"column":40}},"3":{"start":{"line":6,"column":17},"end":{"line":22,"column":1}},"4":{"start":{"line":7,"column":2},"end":{"line":21,"column":3}},"5":{"start":{"line":8,"column":17},"end":{"line":8,"column":25}},"6":{"start":{"line":11,"column":17},"end":{"line":11,"column":79}},"7":{"start":{"line":14,"column":4},"end":{"line":14,"column":65}},"8":{"start":{"line":16,"column":19},"end":{"line":16,"column":42}},"9":{"start":{"line":18,"column":4},"end":{"line":18,"column":33}},"10":{"start":{"line":20,"column":4},"end":{"line":20,"column":47}},"11":{"start":{"line":24,"column":14},"end":{"line":42,"column":1}},"12":{"start":{"line":25,"column":2},"end":{"line":41,"column":3}},"13":{"start":{"line":26,"column":17},"end":{"line":26,"column":25}},"14":{"start":{"line":27,"column":17},"end":{"line":27,"column":59}},"15":{"start":{"line":29,"column":4},"end":{"line":29,"column":30}},"16":{"start":{"line":30,"column":26},"end":{"line":30,"column":79}},"17":{"start":{"line":31,"column":4},"end":{"line":31,"column":51}},"18":{"start":{"line":33,"column":4},"end":{"line":38,"column":5}},"19":{"start":{"line":34,"column":6},"end":{"line":34,"column":48}},"20":{"start":{"line":36,"column":20},"end":{"line":36,"column":47}},"21":{"start":{"line":37,"column":6},"end":{"line":37,"column":72}},"22":{"start":{"line":40,"column":4},"end":{"line":40,"column":47}},"23":{"start":{"line":44,"column":13},"end":{"line":52,"column":1}},"24":{"start":{"line":45,"column":2},"end":{"line":51,"column":3}},"25":{"start":{"line":46,"column":15},"end":{"line":46,"column":38}},"26":{"start":{"line":47,"column":17},"end":{"line":47,"column":47}},"27":{"start":{"line":48,"column":4},"end":{"line":48,"column":31}},"28":{"start":{"line":50,"column":4},"end":{"line":50,"column":47}},"29":{"start":{"line":54,"column":15},"end":{"line":68,"column":1}},"30":{"start":{"line":55,"column":2},"end":{"line":55,"column":31}},"31":{"start":{"line":56,"column":2},"end":{"line":67,"column":3}},"32":{"start":{"line":57,"column":22},"end":{"line":57,"column":50}},"33":{"start":{"line":58,"column":4},"end":{"line":58,"column":41}},"34":{"start":{"line":59,"column":18},"end":{"line":59,"column":54}},"35":{"start":{"line":60,"column":4},"end":{"line":60,"column":32}},"36":{"start":{"line":62,"column":19},"end":{"line":62,"column":40}},"37":{"start":{"line":63,"column":4},"end":{"line":63,"column":34}},"38":{"start":{"line":64,"column":4},"end":{"line":64,"column":33}},"39":{"start":{"line":66,"column":4},"end":{"line":66,"column":47}},"40":{"start":{"line":70,"column":0},"end":{"line":75,"column":2}}},"fnMap":{"0":{"name":"(anonymous_0)","decl":{"start":{"line":6,"column":17},"end":{"line":6,"column":18}},"loc":{"start":{"line":6,"column":37},"end":{"line":22,"column":1}},"line":6},"1":{"name":"(anonymous_1)","decl":{"start":{"line":24,"column":14},"end":{"line":24,"column":15}},"loc":{"start":{"line":24,"column":34},"end":{"line":42,"column":1}},"line":24},"2":{"name":"(anonymous_2)","decl":{"start":{"line":44,"column":13},"end":{"line":44,"column":14}},"loc":{"start":{"line":44,"column":33},"end":{"line":52,"column":1}},"line":44},"3":{"name":"(anonymous_3)","decl":{"start":{"line":54,"column":15},"end":{"line":54,"column":16}},"loc":{"start":{"line":54,"column":35},"end":{"line":68,"column":1}},"line":54}},"branchMap":{"0":{"loc":{"start":{"line":33,"column":4},"end":{"line":38,"column":5}},"type":"if","locations":[{"start":{"line":33,"column":4},"end":{"line":38,"column":5}},{"start":{"line":35,"column":11},"end":{"line":38,"column":5}}],"line":33}},"s":{"0":1,"1":1,"2":1,"3":1,"4":2,"5":2,"6":2,"7":2,"8":2,"9":1,"10":1,"11":1,"12":2,"13":2,"14":2,"15":1,"16":1,"17":1,"18":1,"19":0,"20":1,"21":1,"22":1,"23":1,"24":2,"25":2,"26":2,"27":1,"28":1,"29":1,"30":1,"31":1,"32":1,"33":1,"34":1,"35":1,"36":1,"37":1,"38":1,"39":0,"40":1},"f":{"0":2,"1":2,"2":2,"3":1},"b":{"0":[0,1]},"_coverageSchema":"1a1c01bbd47fc00a2c39e90264f33305004495a9","hash":"147f7a393114fc18f860bf5ea6af8774454e626a"}
,"C:\\Users\\Snj_C\\LFA\\lap2\\Lap2_Project\\reddy22_server\\database\\connect.js": {"path":"C:\\Users\\Snj_C\\LFA\\lap2\\Lap2_Project\\reddy22_server\\database\\connect.js","statementMap":{"0":{"start":{"line":1,"column":0},"end":{"line":1,"column":27}},"1":{"start":{"line":3,"column":17},"end":{"line":3,"column":30}},"2":{"start":{"line":5,"column":11},"end":{"line":8,"column":2}},"3":{"start":{"line":10,"column":0},"end":{"line":10,"column":42}},"4":{"start":{"line":12,"column":0},"end":{"line":12,"column":20}}},"fnMap":{},"branchMap":{},"s":{"0":9,"1":9,"2":9,"3":9,"4":9},"f":{},"b":{},"_coverageSchema":"1a1c01bbd47fc00a2c39e90264f33305004495a9","hash":"001683f5414d78eb8bc8f5e4c930e40c956c8ac3"}
,"C:\\Users\\Snj_C\\LFA\\lap2\\Lap2_Project\\reddy22_server\\models\\Bin.js": {"path":"C:\\Users\\Snj_C\\LFA\\lap2\\Lap2_Project\\reddy22_server\\models\\Bin.js","statementMap":{"0":{"start":{"line":1,"column":11},"end":{"line":1,"column":41}},"1":{"start":{"line":5,"column":4},"end":{"line":5,"column":25}},"2":{"start":{"line":6,"column":4},"end":{"line":6,"column":29}},"3":{"start":{"line":7,"column":4},"end":{"line":7,"column":23}},"4":{"start":{"line":8,"column":4},"end":{"line":8,"column":31}},"5":{"start":{"line":9,"column":4},"end":{"line":9,"column":21}},"6":{"start":{"line":13,"column":4},"end":{"line":21,"column":7}},"7":{"start":{"line":14,"column":6},"end":{"line":20,"column":7}},"8":{"start":{"line":15,"column":25},"end":{"line":15,"column":61}},"9":{"start":{"line":16,"column":21},"end":{"line":16,"column":61}},"10":{"start":{"line":16,"column":48},"end":{"line":16,"column":60}},"11":{"start":{"line":17,"column":8},"end":{"line":17,"column":22}},"12":{"start":{"line":19,"column":8},"end":{"line":19,"column":40}},"13":{"start":{"line":25,"column":19},"end":{"line":25,"column":79}},"14":{"start":{"line":27,"column":4},"end":{"line":29,"column":5}},"15":{"start":{"line":28,"column":6},"end":{"line":28,"column":47}},"16":{"start":{"line":31,"column":4},"end":{"line":31,"column":35}},"17":{"start":{"line":35,"column":0},"end":{"line":35,"column":21}}},"fnMap":{"0":{"name":"(anonymous_0)","decl":{"start":{"line":4,"column":2},"end":{"line":4,"column":3}},"loc":{"start":{"line":4,"column":60},"end":{"line":10,"column":3}},"line":4},"1":{"name":"(anonymous_1)","decl":{"start":{"line":12,"column":2},"end":{"line":12,"column":3}},"loc":{"start":{"line":12,"column":18},"end":{"line":22,"column":3}},"line":12},"2":{"name":"(anonymous_2)","decl":{"start":{"line":13,"column":23},"end":{"line":13,"column":24}},"loc":{"start":{"line":13,"column":50},"end":{"line":21,"column":5}},"line":13},"3":{"name":"(anonymous_3)","decl":{"start":{"line":16,"column":39},"end":{"line":16,"column":40}},"loc":{"start":{"line":16,"column":48},"end":{"line":16,"column":60}},"line":16},"4":{"name":"(anonymous_4)","decl":{"start":{"line":24,"column":2},"end":{"line":24,"column":3}},"loc":{"start":{"line":24,"column":28},"end":{"line":32,"column":3}},"line":24}},"branchMap":{"0":{"loc":{"start":{"line":27,"column":4},"end":{"line":29,"column":5}},"type":"if","locations":[{"start":{"line":27,"column":4},"end":{"line":29,"column":5}},{"start":{},"end":{}}],"line":27}},"s":{"0":2,"1":4,"2":4,"3":4,"4":4,"5":4,"6":2,"7":2,"8":2,"9":1,"10":2,"11":1,"12":1,"13":2,"14":2,"15":1,"16":1,"17":2},"f":{"0":4,"1":2,"2":2,"3":2,"4":2},"b":{"0":[1,1]},"_coverageSchema":"1a1c01bbd47fc00a2c39e90264f33305004495a9","hash":"77e50e9568244a6db6d9fdec727075e24cda13d1"}
,"C:\\Users\\Snj_C\\LFA\\lap2\\Lap2_Project\\reddy22_server\\models\\Material.js": {"path":"C:\\Users\\Snj_C\\LFA\\lap2\\Lap2_Project\\reddy22_server\\models\\Material.js","statementMap":{"0":{"start":{"line":1,"column":11},"end":{"line":1,"column":41}},"1":{"start":{"line":5,"column":4},"end":{"line":5,"column":35}},"2":{"start":{"line":6,"column":4},"end":{"line":6,"column":21}},"3":{"start":{"line":7,"column":4},"end":{"line":7,"column":41}},"4":{"start":{"line":8,"column":4},"end":{"line":8,"column":25}},"5":{"start":{"line":12,"column":4},"end":{"line":22,"column":7}},"6":{"start":{"line":13,"column":6},"end":{"line":21,"column":7}},"7":{"start":{"line":14,"column":30},"end":{"line":14,"column":71}},"8":{"start":{"line":15,"column":26},"end":{"line":17,"column":9}},"9":{"start":{"line":16,"column":24},"end":{"line":16,"column":46}},"10":{"start":{"line":18,"column":8},"end":{"line":18,"column":27}},"11":{"start":{"line":20,"column":8},"end":{"line":20,"column":40}},"12":{"start":{"line":26,"column":4},"end":{"line":38,"column":5}},"13":{"start":{"line":27,"column":21},"end":{"line":30,"column":7}},"14":{"start":{"line":32,"column":24},"end":{"line":32,"column":67}},"15":{"start":{"line":32,"column":49},"end":{"line":32,"column":66}},"16":{"start":{"line":34,"column":6},"end":{"line":34,"column":23}},"17":{"start":{"line":36,"column":6},"end":{"line":36,"column":56}},"18":{"start":{"line":37,"column":6},"end":{"line":37,"column":18}},"19":{"start":{"line":42,"column":4},"end":{"line":54,"column":5}},"20":{"start":{"line":43,"column":21},"end":{"line":46,"column":7}},"21":{"start":{"line":48,"column":24},"end":{"line":48,"column":67}},"22":{"start":{"line":48,"column":49},"end":{"line":48,"column":66}},"23":{"start":{"line":50,"column":6},"end":{"line":50,"column":23}},"24":{"start":{"line":52,"column":6},"end":{"line":52,"column":56}},"25":{"start":{"line":53,"column":6},"end":{"line":53,"column":18}},"26":{"start":{"line":58,"column":19},"end":{"line":61,"column":5}},"27":{"start":{"line":63,"column":4},"end":{"line":65,"column":5}},"28":{"start":{"line":64,"column":6},"end":{"line":64,"column":52}},"29":{"start":{"line":67,"column":4},"end":{"line":67,"column":40}},"30":{"start":{"line":71,"column":0},"end":{"line":71,"column":26}}},"fnMap":{"0":{"name":"(anonymous_0)","decl":{"start":{"line":4,"column":2},"end":{"line":4,"column":3}},"loc":{"start":{"line":4,"column":61},"end":{"line":9,"column":3}},"line":4},"1":{"name":"(anonymous_1)","decl":{"start":{"line":11,"column":2},"end":{"line":11,"column":3}},"loc":{"start":{"line":11,"column":18},"end":{"line":23,"column":3}},"line":11},"2":{"name":"(anonymous_2)","decl":{"start":{"line":12,"column":23},"end":{"line":12,"column":24}},"loc":{"start":{"line":12,"column":50},"end":{"line":22,"column":5}},"line":12},"3":{"name":"(anonymous_3)","decl":{"start":{"line":16,"column":10},"end":{"line":16,"column":11}},"loc":{"start":{"line":16,"column":24},"end":{"line":16,"column":46}},"line":16},"4":{"name":"(anonymous_4)","decl":{"start":{"line":25,"column":2},"end":{"line":25,"column":3}},"loc":{"start":{"line":25,"column":39},"end":{"line":39,"column":3}},"line":25},"5":{"name":"(anonymous_5)","decl":{"start":{"line":32,"column":40},"end":{"line":32,"column":41}},"loc":{"start":{"line":32,"column":49},"end":{"line":32,"column":66}},"line":32},"6":{"name":"(anonymous_6)","decl":{"start":{"line":41,"column":2},"end":{"line":41,"column":3}},"loc":{"start":{"line":41,"column":40},"end":{"line":55,"column":3}},"line":41},"7":{"name":"(anonymous_7)","decl":{"start":{"line":48,"column":40},"end":{"line":48,"column":41}},"loc":{"start":{"line":48,"column":49},"end":{"line":48,"column":66}},"line":48},"8":{"name":"(anonymous_8)","decl":{"start":{"line":57,"column":2},"end":{"line":57,"column":3}},"loc":{"start":{"line":57,"column":44},"end":{"line":68,"column":3}},"line":57}},"branchMap":{"0":{"loc":{"start":{"line":63,"column":4},"end":{"line":65,"column":5}},"type":"if","locations":[{"start":{"line":63,"column":4},"end":{"line":65,"column":5}},{"start":{},"end":{}}],"line":63}},"s":{"0":2,"1":13,"2":13,"3":13,"4":13,"5":1,"6":1,"7":1,"8":1,"9":3,"10":1,"11":0,"12":2,"13":2,"14":1,"15":3,"16":1,"17":1,"18":1,"19":2,"20":2,"21":1,"22":3,"23":1,"24":1,"25":1,"26":2,"27":2,"28":1,"29":1,"30":2},"f":{"0":13,"1":1,"2":1,"3":3,"4":2,"5":3,"6":2,"7":3,"8":2},"b":{"0":[1,1]},"_coverageSchema":"1a1c01bbd47fc00a2c39e90264f33305004495a9","hash":"825a8824ae10b95bfcec22b3ef19d293bfe45250"}
,"C:\\Users\\Snj_C\\LFA\\lap2\\Lap2_Project\\reddy22_server\\models\\Post.js": {"path":"C:\\Users\\Snj_C\\LFA\\lap2\\Lap2_Project\\reddy22_server\\models\\Post.js","statementMap":{"0":{"start":{"line":1,"column":11},"end":{"line":1,"column":41}},"1":{"start":{"line":5,"column":4},"end":{"line":5,"column":22}},"2":{"start":{"line":6,"column":4},"end":{"line":6,"column":27}},"3":{"start":{"line":7,"column":4},"end":{"line":7,"column":23}},"4":{"start":{"line":8,"column":4},"end":{"line":8,"column":27}},"5":{"start":{"line":9,"column":4},"end":{"line":9,"column":21}},"6":{"start":{"line":13,"column":21},"end":{"line":13,"column":77}},"7":{"start":{"line":14,"column":4},"end":{"line":14,"column":49}},"8":{"start":{"line":14,"column":36},"end":{"line":14,"column":47}},"9":{"start":{"line":18,"column":21},"end":{"line":20,"column":6}},"10":{"start":{"line":21,"column":4},"end":{"line":23,"column":5}},"11":{"start":{"line":22,"column":6},"end":{"line":22,"column":48}},"12":{"start":{"line":24,"column":4},"end":{"line":24,"column":38}},"13":{"start":{"line":28,"column":40},"end":{"line":28,"column":44}},"14":{"start":{"line":29,"column":19},"end":{"line":32,"column":5}},"15":{"start":{"line":33,"column":18},"end":{"line":33,"column":42}},"16":{"start":{"line":34,"column":20},"end":{"line":34,"column":48}},"17":{"start":{"line":35,"column":4},"end":{"line":35,"column":19}},"18":{"start":{"line":39,"column":19},"end":{"line":42,"column":5}},"19":{"start":{"line":43,"column":4},"end":{"line":43,"column":38}},"20":{"start":{"line":47,"column":0},"end":{"line":47,"column":22}}},"fnMap":{"0":{"name":"(anonymous_0)","decl":{"start":{"line":4,"column":2},"end":{"line":4,"column":3}},"loc":{"start":{"line":4,"column":58},"end":{"line":10,"column":3}},"line":4},"1":{"name":"(anonymous_1)","decl":{"start":{"line":12,"column":2},"end":{"line":12,"column":3}},"loc":{"start":{"line":12,"column":24},"end":{"line":15,"column":3}},"line":12},"2":{"name":"(anonymous_2)","decl":{"start":{"line":14,"column":29},"end":{"line":14,"column":30}},"loc":{"start":{"line":14,"column":36},"end":{"line":14,"column":47}},"line":14},"3":{"name":"(anonymous_3)","decl":{"start":{"line":17,"column":2},"end":{"line":17,"column":3}},"loc":{"start":{"line":17,"column":30},"end":{"line":25,"column":3}},"line":17},"4":{"name":"(anonymous_4)","decl":{"start":{"line":27,"column":2},"end":{"line":27,"column":3}},"loc":{"start":{"line":27,"column":28},"end":{"line":36,"column":3}},"line":27},"5":{"name":"(anonymous_5)","decl":{"start":{"line":38,"column":2},"end":{"line":38,"column":3}},"loc":{"start":{"line":38,"column":18},"end":{"line":44,"column":3}},"line":38}},"branchMap":{"0":{"loc":{"start":{"line":21,"column":4},"end":{"line":23,"column":5}},"type":"if","locations":[{"start":{"line":21,"column":4},"end":{"line":23,"column":5}},{"start":{},"end":{}}],"line":21}},"s":{"0":2,"1":11,"2":11,"3":11,"4":11,"5":11,"6":1,"7":1,"8":1,"9":3,"10":3,"11":1,"12":2,"13":1,"14":1,"15":1,"16":1,"17":1,"18":1,"19":1,"20":2},"f":{"0":11,"1":1,"2":1,"3":3,"4":1,"5":1},"b":{"0":[1,2]},"_coverageSchema":"1a1c01bbd47fc00a2c39e90264f33305004495a9","hash":"d8e1d4297a5a5f5185c7d1fc03a6a906d399f8a5"}
,"C:\\Users\\Snj_C\\LFA\\lap2\\Lap2_Project\\reddy22_server\\models\\Token.js": {"path":"C:\\Users\\Snj_C\\LFA\\lap2\\Lap2_Project\\reddy22_server\\models\\Token.js","statementMap":{"0":{"start":{"line":1,"column":23},"end":{"line":1,"column":38}},"1":{"start":{"line":3,"column":11},"end":{"line":3,"column":41}},"2":{"start":{"line":7,"column":4},"end":{"line":7,"column":29}},"3":{"start":{"line":8,"column":4},"end":{"line":8,"column":27}},"4":{"start":{"line":9,"column":4},"end":{"line":9,"column":23}},"5":{"start":{"line":13,"column":18},"end":{"line":13,"column":26}},"6":{"start":{"line":14,"column":21},"end":{"line":17,"column":5}},"7":{"start":{"line":18,"column":18},"end":{"line":18,"column":43}},"8":{"start":{"line":19,"column":21},"end":{"line":19,"column":50}},"9":{"start":{"line":20,"column":4},"end":{"line":20,"column":20}},"10":{"start":{"line":24,"column":21},"end":{"line":27,"column":5}},"11":{"start":{"line":28,"column":4},"end":{"line":32,"column":5}},"12":{"start":{"line":29,"column":6},"end":{"line":29,"column":49}},"13":{"start":{"line":31,"column":6},"end":{"line":31,"column":41}},"14":{"start":{"line":36,"column":21},"end":{"line":38,"column":6}},"15":{"start":{"line":39,"column":4},"end":{"line":43,"column":5}},"16":{"start":{"line":40,"column":6},"end":{"line":40,"column":49}},"17":{"start":{"line":42,"column":6},"end":{"line":42,"column":41}},"18":{"start":{"line":47,"column":19},"end":{"line":50,"column":5}},"19":{"start":{"line":51,"column":4},"end":{"line":51,"column":39}},"20":{"start":{"line":55,"column":0},"end":{"line":55,"column":23}}},"fnMap":{"0":{"name":"(anonymous_0)","decl":{"start":{"line":6,"column":2},"end":{"line":6,"column":3}},"loc":{"start":{"line":6,"column":44},"end":{"line":10,"column":3}},"line":6},"1":{"name":"(anonymous_1)","decl":{"start":{"line":12,"column":2},"end":{"line":12,"column":3}},"loc":{"start":{"line":12,"column":31},"end":{"line":21,"column":3}},"line":12},"2":{"name":"(anonymous_2)","decl":{"start":{"line":23,"column":2},"end":{"line":23,"column":3}},"loc":{"start":{"line":23,"column":30},"end":{"line":33,"column":3}},"line":23},"3":{"name":"(anonymous_3)","decl":{"start":{"line":35,"column":2},"end":{"line":35,"column":3}},"loc":{"start":{"line":35,"column":36},"end":{"line":44,"column":3}},"line":35},"4":{"name":"(anonymous_4)","decl":{"start":{"line":46,"column":2},"end":{"line":46,"column":3}},"loc":{"start":{"line":46,"column":18},"end":{"line":52,"column":3}},"line":46}},"branchMap":{"0":{"loc":{"start":{"line":28,"column":4},"end":{"line":32,"column":5}},"type":"if","locations":[{"start":{"line":28,"column":4},"end":{"line":32,"column":5}},{"start":{"line":30,"column":11},"end":{"line":32,"column":5}}],"line":28},"1":{"loc":{"start":{"line":39,"column":4},"end":{"line":43,"column":5}},"type":"if","locations":[{"start":{"line":39,"column":4},"end":{"line":43,"column":5}},{"start":{"line":41,"column":11},"end":{"line":43,"column":5}}],"line":39}},"s":{"0":3,"1":3,"2":8,"3":8,"4":8,"5":1,"6":1,"7":1,"8":1,"9":1,"10":3,"11":3,"12":1,"13":2,"14":2,"15":2,"16":1,"17":1,"18":1,"19":1,"20":3},"f":{"0":8,"1":1,"2":3,"3":2,"4":1},"b":{"0":[1,2],"1":[1,1]},"_coverageSchema":"1a1c01bbd47fc00a2c39e90264f33305004495a9","hash":"716b3f12c658704244d16559b5eee620b0b39841"}
,"C:\\Users\\Snj_C\\LFA\\lap2\\Lap2_Project\\reddy22_server\\models\\User.js": {"path":"C:\\Users\\Snj_C\\LFA\\lap2\\Lap2_Project\\reddy22_server\\models\\User.js","statementMap":{"0":{"start":{"line":1,"column":11},"end":{"line":1,"column":41}},"1":{"start":{"line":5,"column":4},"end":{"line":5,"column":22}},"2":{"start":{"line":6,"column":4},"end":{"line":6,"column":29}},"3":{"start":{"line":7,"column":4},"end":{"line":7,"column":29}},"4":{"start":{"line":8,"column":4},"end":{"line":8,"column":28}},"5":{"start":{"line":12,"column":4},"end":{"line":22,"column":7}},"6":{"start":{"line":13,"column":6},"end":{"line":21,"column":7}},"7":{"start":{"line":14,"column":26},"end":{"line":14,"column":63}},"8":{"start":{"line":15,"column":22},"end":{"line":17,"column":9}},"9":{"start":{"line":16,"column":20},"end":{"line":16,"column":34}},"10":{"start":{"line":18,"column":8},"end":{"line":18,"column":23}},"11":{"start":{"line":20,"column":8},"end":{"line":20,"column":41}},"12":{"start":{"line":26,"column":21},"end":{"line":28,"column":6}},"13":{"start":{"line":29,"column":4},"end":{"line":31,"column":5}},"14":{"start":{"line":30,"column":6},"end":{"line":30,"column":48}},"15":{"start":{"line":32,"column":4},"end":{"line":32,"column":38}},"16":{"start":{"line":36,"column":21},"end":{"line":39,"column":5}},"17":{"start":{"line":40,"column":4},"end":{"line":42,"column":5}},"18":{"start":{"line":41,"column":6},"end":{"line":41,"column":48}},"19":{"start":{"line":43,"column":4},"end":{"line":43,"column":38}},"20":{"start":{"line":47,"column":21},"end":{"line":49,"column":6}},"21":{"start":{"line":50,"column":4},"end":{"line":52,"column":5}},"22":{"start":{"line":51,"column":6},"end":{"line":51,"column":48}},"23":{"start":{"line":53,"column":4},"end":{"line":53,"column":38}},"24":{"start":{"line":57,"column":44},"end":{"line":57,"column":48}},"25":{"start":{"line":58,"column":19},"end":{"line":61,"column":5}},"26":{"start":{"line":62,"column":18},"end":{"line":62,"column":42}},"27":{"start":{"line":63,"column":20},"end":{"line":63,"column":48}},"28":{"start":{"line":64,"column":4},"end":{"line":64,"column":19}},"29":{"start":{"line":68,"column":0},"end":{"line":68,"column":22}}},"fnMap":{"0":{"name":"(anonymous_0)","decl":{"start":{"line":4,"column":2},"end":{"line":4,"column":3}},"loc":{"start":{"line":4,"column":57},"end":{"line":9,"column":3}},"line":4},"1":{"name":"(anonymous_1)","decl":{"start":{"line":11,"column":2},"end":{"line":11,"column":3}},"loc":{"start":{"line":11,"column":18},"end":{"line":23,"column":3}},"line":11},"2":{"name":"(anonymous_2)","decl":{"start":{"line":12,"column":23},"end":{"line":12,"column":24}},"loc":{"start":{"line":12,"column":50},"end":{"line":22,"column":5}},"line":12},"3":{"name":"(anonymous_3)","decl":{"start":{"line":16,"column":10},"end":{"line":16,"column":11}},"loc":{"start":{"line":16,"column":20},"end":{"line":16,"column":34}},"line":16},"4":{"name":"(anonymous_4)","decl":{"start":{"line":25,"column":2},"end":{"line":25,"column":3}},"loc":{"start":{"line":25,"column":30},"end":{"line":33,"column":3}},"line":25},"5":{"name":"(anonymous_5)","decl":{"start":{"line":35,"column":2},"end":{"line":35,"column":3}},"loc":{"start":{"line":35,"column":35},"end":{"line":44,"column":3}},"line":35},"6":{"name":"(anonymous_6)","decl":{"start":{"line":46,"column":2},"end":{"line":46,"column":3}},"loc":{"start":{"line":46,"column":42},"end":{"line":54,"column":3}},"line":46},"7":{"name":"(anonymous_7)","decl":{"start":{"line":56,"column":2},"end":{"line":56,"column":3}},"loc":{"start":{"line":56,"column":28},"end":{"line":65,"column":3}},"line":56}},"branchMap":{"0":{"loc":{"start":{"line":29,"column":4},"end":{"line":31,"column":5}},"type":"if","locations":[{"start":{"line":29,"column":4},"end":{"line":31,"column":5}},{"start":{},"end":{}}],"line":29},"1":{"loc":{"start":{"line":40,"column":4},"end":{"line":42,"column":5}},"type":"if","locations":[{"start":{"line":40,"column":4},"end":{"line":42,"column":5}},{"start":{},"end":{}}],"line":40},"2":{"loc":{"start":{"line":50,"column":4},"end":{"line":52,"column":5}},"type":"if","locations":[{"start":{"line":50,"column":4},"end":{"line":52,"column":5}},{"start":{},"end":{}}],"line":50}},"s":{"0":3,"1":8,"2":8,"3":8,"4":8,"5":2,"6":2,"7":2,"8":2,"9":2,"10":2,"11":0,"12":3,"13":3,"14":1,"15":2,"16":2,"17":2,"18":1,"19":1,"20":2,"21":2,"22":1,"23":1,"24":2,"25":2,"26":1,"27":1,"28":1,"29":3},"f":{"0":8,"1":2,"2":2,"3":2,"4":3,"5":2,"6":2,"7":2},"b":{"0":[1,2],"1":[1,1],"2":[1,1]},"_coverageSchema":"1a1c01bbd47fc00a2c39e90264f33305004495a9","hash":"2ae94651fd57d7a1a3fd26e015372facd8761ad5"}
}
