TN:
SF:controllers/binController.js
FN:3,(anonymous_0)
FN:13,(anonymous_1)
FN:31,oo_cm
FNF:3
FNH:3
FNDA:2,(anonymous_0)
FNDA:2,(anonymous_1)
FNDA:1,oo_cm
DA:1,1
DA:3,1
DA:4,2
DA:5,2
DA:6,1
DA:7,1
DA:9,1
DA:13,1
DA:15,2
DA:16,2
DA:17,2
DA:18,1
DA:20,1
DA:24,1
DA:31,1
LF:15
LH:15
BRDA:31,0,0,1
BRDA:31,0,1,0
BRF:2
BRH:1
end_of_record
TN:
SF:controllers/materialController.js
FN:3,(anonymous_0)
FN:12,(anonymous_1)
FN:22,(anonymous_2)
FN:32,(anonymous_3)
FN:62,oo_cm
FNF:5
FNH:5
FNDA:2,(anonymous_0)
FNDA:3,(anonymous_1)
FNDA:1,(anonymous_2)
FNDA:2,(anonymous_3)
FNDA:2,oo_cm
DA:1,1
DA:3,1
DA:4,2
DA:5,2
DA:6,1
DA:8,1
DA:12,1
DA:13,3
DA:14,3
DA:15,3
DA:16,1
DA:18,2
DA:22,1
DA:23,1
DA:24,1
DA:25,1
DA:26,1
DA:28,0
DA:32,1
DA:33,2
DA:34,2
DA:36,2
DA:37,2
DA:39,1
DA:40,0
DA:43,1
DA:45,1
DA:46,1
DA:50,1
DA:62,2
LF:30
LH:28
BRDA:39,0,0,0
BRDA:39,0,1,1
BRDA:62,1,0,2
BRDA:62,1,1,0
BRF:4
BRH:2
end_of_record
TN:
SF:controllers/postController.js
FN:5,(anonymous_0)
FN:14,(anonymous_1)
FN:23,(anonymous_2)
FN:36,(anonymous_3)
FN:46,(anonymous_4)
FNF:5
FNH:4
FNDA:2,(anonymous_0)
FNDA:0,(anonymous_1)
FNDA:2,(anonymous_2)
FNDA:2,(anonymous_3)
FNDA:3,(anonymous_4)
DA:1,1
DA:2,1
DA:3,1
DA:5,1
DA:6,2
DA:7,2
DA:8,1
DA:10,1
DA:14,1
DA:15,0
DA:16,0
DA:17,0
DA:19,0
DA:23,1
DA:24,2
DA:25,2
DA:26,2
DA:27,2
DA:29,2
DA:30,1
DA:32,1
DA:36,1
DA:37,2
DA:38,2
DA:39,2
DA:40,1
DA:42,1
DA:46,1
DA:47,3
DA:48,3
DA:49,3
DA:50,3
DA:51,3
DA:53,3
DA:55,2
DA:56,1
DA:57,1
DA:59,1
DA:64,1
DA:68,1
LF:40
LH:36
BRDA:55,0,0,1
BRDA:55,0,1,1
BRDA:55,1,0,2
BRDA:55,1,1,2
BRF:4
BRH:4
end_of_record
TN:
SF:controllers/userController.js
FN:6,(anonymous_0)
FN:24,(anonymous_1)
FN:44,(anonymous_2)
FN:54,(anonymous_3)
FN:82,oo_cm
FNF:5
FNH:5
FNDA:2,(anonymous_0)
FNDA:2,(anonymous_1)
FNDA:2,(anonymous_2)
FNDA:1,(anonymous_3)
FNDA:6,oo_cm
DA:1,1
DA:3,1
DA:4,1
DA:6,1
DA:7,2
DA:8,2
DA:11,2
DA:14,2
DA:16,2
DA:18,1
DA:20,1
DA:24,1
DA:25,2
DA:26,2
DA:27,2
DA:29,1
DA:30,1
DA:31,1
DA:33,1
DA:34,0
DA:36,1
DA:37,1
DA:40,1
DA:44,1
DA:45,2
DA:46,2
DA:47,2
DA:48,1
DA:50,1
DA:54,1
DA:55,1
DA:56,1
DA:57,1
DA:58,1
DA:59,1
DA:60,1
DA:62,1
DA:63,1
DA:64,1
DA:66,0
DA:70,1
DA:82,6
LF:42
LH:40
BRDA:33,0,0,0
BRDA:33,0,1,1
BRDA:82,1,0,6
BRDA:82,1,1,0
BRF:4
BRH:2
end_of_record
TN:
SF:database/connect.js
FN:19,oo_cm
FNF:1
FNH:1
FNDA:9,oo_cm
DA:1,9
DA:3,9
DA:5,9
DA:10,9
DA:12,9
DA:19,9
LF:6
LH:6
BRDA:19,0,0,9
BRDA:19,0,1,9
BRF:2
BRH:2
end_of_record
TN:
SF:models/Bin.js
FN:4,(anonymous_0)
FN:12,(anonymous_1)
FN:13,(anonymous_2)
FN:16,(anonymous_3)
FN:24,(anonymous_4)
FNF:5
FNH:5
FNDA:4,(anonymous_0)
FNDA:2,(anonymous_1)
FNDA:2,(anonymous_2)
FNDA:2,(anonymous_3)
FNDA:2,(anonymous_4)
DA:1,2
DA:5,4
DA:6,4
DA:7,4
DA:8,4
DA:9,4
DA:13,2
DA:14,2
DA:15,2
DA:16,2
DA:17,1
DA:19,1
DA:25,2
DA:27,2
DA:28,1
DA:31,1
DA:35,2
LF:17
LH:17
BRDA:27,0,0,1
BRDA:27,0,1,1
BRF:2
BRH:2
end_of_record
TN:
SF:models/Material.js
FN:4,(anonymous_0)
FN:11,(anonymous_1)
FN:12,(anonymous_2)
FN:16,(anonymous_3)
FN:25,(anonymous_4)
FN:32,(anonymous_5)
FN:41,(anonymous_6)
FN:48,(anonymous_7)
FN:57,(anonymous_8)
FNF:9
FNH:9
FNDA:13,(anonymous_0)
FNDA:1,(anonymous_1)
FNDA:1,(anonymous_2)
FNDA:3,(anonymous_3)
FNDA:2,(anonymous_4)
FNDA:3,(anonymous_5)
FNDA:2,(anonymous_6)
FNDA:3,(anonymous_7)
FNDA:2,(anonymous_8)
DA:1,2
DA:5,13
DA:6,13
DA:7,13
DA:8,13
DA:12,1
DA:13,1
DA:14,1
DA:15,1
DA:16,3
DA:18,1
DA:20,0
DA:26,2
DA:27,2
DA:32,3
DA:34,1
DA:36,1
DA:37,1
DA:42,2
DA:43,2
DA:48,3
DA:50,1
DA:52,1
DA:53,1
DA:58,2
DA:63,2
DA:64,1
DA:67,1
DA:71,2
LF:29
LH:28
BRDA:63,0,0,1
BRDA:63,0,1,1
BRF:2
BRH:2
end_of_record
TN:
SF:models/Post.js
FN:4,(anonymous_0)
FN:22,(anonymous_1)
FN:24,(anonymous_2)
FN:27,(anonymous_3)
FN:31,(anonymous_4)
FN:34,(anonymous_5)
FN:44,(anonymous_6)
FN:55,(anonymous_7)
FNF:8
FNH:6
FNDA:11,(anonymous_0)
FNDA:1,(anonymous_1)
FNDA:1,(anonymous_2)
FNDA:0,(anonymous_3)
FNDA:0,(anonymous_4)
FNDA:3,(anonymous_5)
FNDA:1,(anonymous_6)
FNDA:1,(anonymous_7)
DA:1,2
DA:13,11
DA:14,11
DA:15,11
DA:16,11
DA:17,11
DA:18,11
DA:19,11
DA:23,1
DA:24,1
DA:28,0
DA:31,0
DA:35,3
DA:38,3
DA:39,1
DA:41,2
DA:45,1
DA:46,1
DA:50,1
DA:51,1
DA:52,1
DA:56,1
DA:60,1
DA:64,2
LF:24
LH:22
BRDA:38,0,0,1
BRDA:38,0,1,2
BRF:2
BRH:2
end_of_record
TN:
SF:models/Token.js
FN:6,(anonymous_0)
FN:12,(anonymous_1)
FN:23,(anonymous_2)
FN:35,(anonymous_3)
FN:46,(anonymous_4)
FNF:5
FNH:5
FNDA:8,(anonymous_0)
FNDA:1,(anonymous_1)
FNDA:3,(anonymous_2)
FNDA:2,(anonymous_3)
FNDA:1,(anonymous_4)
DA:1,3
DA:3,3
DA:7,8
DA:8,8
DA:9,8
DA:13,1
DA:14,1
DA:18,1
DA:19,1
DA:20,1
DA:24,3
DA:28,3
DA:29,1
DA:31,2
DA:36,2
DA:39,2
DA:40,1
DA:42,1
DA:47,1
DA:51,1
DA:55,3
LF:21
LH:21
BRDA:28,0,0,1
BRDA:28,0,1,2
BRDA:39,1,0,1
BRDA:39,1,1,1
BRF:4
BRH:4
end_of_record
TN:
SF:models/User.js
FN:4,(anonymous_0)
FN:12,(anonymous_1)
FN:13,(anonymous_2)
FN:16,(anonymous_3)
FN:24,(anonymous_4)
FN:34,(anonymous_5)
FN:45,(anonymous_6)
FN:55,(anonymous_7)
FNF:8
FNH:8
FNDA:8,(anonymous_0)
FNDA:2,(anonymous_1)
FNDA:2,(anonymous_2)
FNDA:2,(anonymous_3)
FNDA:3,(anonymous_4)
FNDA:2,(anonymous_5)
FNDA:2,(anonymous_6)
FNDA:2,(anonymous_7)
DA:1,3
DA:5,8
DA:6,8
DA:7,8
DA:8,8
DA:9,8
DA:13,2
DA:14,2
DA:15,2
DA:16,2
DA:17,2
DA:19,0
DA:25,3
DA:28,3
DA:29,1
DA:31,2
DA:35,2
DA:39,2
DA:40,1
DA:42,1
DA:46,2
DA:49,2
DA:50,1
DA:52,1
DA:56,2
DA:57,2
DA:61,1
DA:62,1
DA:63,1
DA:67,3
LF:30
LH:29
BRDA:28,0,0,1
BRDA:28,0,1,2
BRDA:39,1,0,1
BRDA:39,1,1,1
BRDA:49,2,0,1
BRDA:49,2,1,1
BRF:6
BRH:6
end_of_record
