TN:
SF:controllers/binController.js
FN:3,(anonymous_0)
FN:13,(anonymous_1)
FN:31,oo_cm
FNF:3
FNH:2
FNDA:2,(anonymous_0)
FNDA:0,(anonymous_1)
FNDA:1,oo_cm
DA:1,1
DA:3,1
DA:4,2
DA:5,2
DA:6,1
DA:7,1
DA:9,1
DA:13,1
DA:15,0
DA:16,0
DA:17,0
DA:18,0
DA:20,0
DA:24,1
DA:31,1
LF:15
LH:10
BRDA:31,0,0,1
BRDA:31,0,1,1
BRF:2
BRH:2
end_of_record
TN:
SF:controllers/materialController.js
FN:3,(anonymous_0)
FN:12,(anonymous_1)
FN:22,(anonymous_2)
FN:32,(anonymous_3)
FNF:4
FNH:4
FNDA:2,(anonymous_0)
FNDA:3,(anonymous_1)
FNDA:1,(anonymous_2)
FNDA:2,(anonymous_3)
DA:1,1
DA:3,1
DA:4,2
DA:5,2
DA:6,1
DA:8,1
DA:12,1
DA:13,3
DA:14,3
DA:15,3
DA:16,1
DA:18,2
DA:22,1
DA:23,1
DA:24,1
DA:25,1
DA:26,1
DA:28,0
DA:32,1
DA:33,2
DA:34,2
DA:36,2
DA:37,2
DA:39,1
DA:40,0
DA:43,1
DA:45,1
DA:46,1
DA:50,1
LF:29
LH:27
BRDA:39,0,0,0
BRDA:39,0,1,1
BRF:2
BRH:1
end_of_record
TN:
SF:controllers/postController.js
FN:5,(anonymous_0)
FN:14,(anonymous_1)
FN:27,(anonymous_2)
FN:37,(anonymous_3)
FNF:4
FNH:4
FNDA:2,(anonymous_0)
FNDA:2,(anonymous_1)
FNDA:2,(anonymous_2)
FNDA:3,(anonymous_3)
DA:1,1
DA:2,1
DA:3,1
DA:5,1
DA:6,2
DA:7,2
DA:8,1
DA:10,1
DA:14,1
DA:15,2
DA:16,2
DA:17,2
DA:18,2
DA:20,2
DA:21,1
DA:23,1
DA:27,1
DA:28,2
DA:29,2
DA:30,2
DA:31,1
DA:33,1
DA:37,1
DA:38,3
DA:39,3
DA:40,3
DA:41,3
DA:42,3
DA:44,3
DA:46,2
DA:47,1
DA:48,1
DA:50,1
DA:55,1
DA:59,1
LF:35
LH:35
BRDA:46,0,0,1
BRDA:46,0,1,1
BRDA:46,1,0,2
BRDA:46,1,1,2
BRF:4
BRH:4
end_of_record
TN:
SF:controllers/userController.js
FN:6,(anonymous_0)
FN:24,(anonymous_1)
FN:44,(anonymous_2)
FN:67,oo_cm
FNF:4
FNH:4
FNDA:2,(anonymous_0)
FNDA:2,(anonymous_1)
FNDA:1,(anonymous_2)
FNDA:2,oo_cm
DA:1,1
DA:3,1
DA:4,1
DA:6,1
DA:7,2
DA:8,2
DA:11,2
DA:14,2
DA:16,2
DA:18,1
DA:20,1
DA:24,1
DA:25,2
DA:26,2
DA:27,2
DA:29,1
DA:30,1
DA:31,1
DA:33,1
DA:34,0
DA:36,1
DA:37,1
DA:40,1
DA:44,1
DA:45,1
DA:46,1
DA:47,1
DA:49,1
DA:50,1
DA:52,0
DA:56,1
DA:67,2
LF:32
LH:30
BRDA:33,0,0,0
BRDA:33,0,1,1
BRDA:67,1,0,2
BRDA:67,1,1,1
BRF:4
BRH:3
end_of_record
TN:
SF:database/connect.js
FNF:0
FNH:0
DA:1,9
DA:3,9
DA:5,9
DA:10,9
DA:12,9
LF:5
LH:5
BRF:0
BRH:0
end_of_record
TN:
SF:models/Bin.js
FN:4,(anonymous_0)
FN:12,(anonymous_1)
FN:13,(anonymous_2)
FN:16,(anonymous_3)
FN:24,(anonymous_4)
FNF:5
FNH:4
FNDA:2,(anonymous_0)
FNDA:1,(anonymous_1)
FNDA:1,(anonymous_2)
FNDA:2,(anonymous_3)
FNDA:0,(anonymous_4)
DA:1,2
DA:5,2
DA:6,2
DA:7,2
DA:8,2
DA:9,2
DA:13,1
DA:14,1
DA:15,1
DA:16,2
DA:17,1
DA:19,0
DA:25,0
DA:27,0
DA:28,0
DA:31,0
DA:35,2
LF:17
LH:12
BRDA:27,0,0,0
BRDA:27,0,1,0
BRF:2
BRH:0
end_of_record
TN:
SF:models/Material.js
FN:4,(anonymous_0)
FN:11,(anonymous_1)
FN:12,(anonymous_2)
FN:16,(anonymous_3)
FN:25,(anonymous_4)
FN:32,(anonymous_5)
FN:41,(anonymous_6)
FN:48,(anonymous_7)
FN:57,(anonymous_8)
FNF:9
FNH:9
FNDA:13,(anonymous_0)
FNDA:1,(anonymous_1)
FNDA:1,(anonymous_2)
FNDA:3,(anonymous_3)
FNDA:2,(anonymous_4)
FNDA:3,(anonymous_5)
FNDA:2,(anonymous_6)
FNDA:3,(anonymous_7)
FNDA:2,(anonymous_8)
DA:1,2
DA:5,13
DA:6,13
DA:7,13
DA:8,13
DA:12,1
DA:13,1
DA:14,1
DA:15,1
DA:16,3
DA:18,1
DA:20,0
DA:26,2
DA:27,2
DA:32,3
DA:34,1
DA:36,1
DA:37,1
DA:42,2
DA:43,2
DA:48,3
DA:50,1
DA:52,1
DA:53,1
DA:58,2
DA:63,2
DA:64,1
DA:67,1
DA:71,2
LF:29
LH:28
BRDA:63,0,0,1
BRDA:63,0,1,1
BRF:2
BRH:2
end_of_record
TN:
SF:models/Post.js
FN:4,(anonymous_0)
FN:11,(anonymous_1)
FN:13,(anonymous_2)
FN:16,(anonymous_3)
FN:26,(anonymous_4)
FN:37,(anonymous_5)
FNF:6
FNH:6
FNDA:11,(anonymous_0)
FNDA:1,(anonymous_1)
FNDA:1,(anonymous_2)
FNDA:3,(anonymous_3)
FNDA:1,(anonymous_4)
FNDA:1,(anonymous_5)
DA:1,2
DA:5,11
DA:6,11
DA:7,11
DA:8,11
DA:12,1
DA:13,1
DA:17,3
DA:20,3
DA:21,1
DA:23,2
DA:27,1
DA:28,1
DA:32,1
DA:33,1
DA:34,1
DA:38,1
DA:42,1
DA:46,2
LF:19
LH:19
BRDA:20,0,0,1
BRDA:20,0,1,2
BRF:2
BRH:2
end_of_record
TN:
SF:models/Token.js
FN:6,(anonymous_0)
FN:12,(anonymous_1)
FN:23,(anonymous_2)
FN:35,(anonymous_3)
FN:46,(anonymous_4)
FNF:5
FNH:5
FNDA:8,(anonymous_0)
FNDA:1,(anonymous_1)
FNDA:3,(anonymous_2)
FNDA:2,(anonymous_3)
FNDA:1,(anonymous_4)
DA:1,3
DA:3,3
DA:7,8
DA:8,8
DA:9,8
DA:13,1
DA:14,1
DA:18,1
DA:19,1
DA:20,1
DA:24,3
DA:28,3
DA:29,1
DA:31,2
DA:36,2
DA:39,2
DA:40,1
DA:42,1
DA:47,1
DA:51,1
DA:55,3
LF:21
LH:21
BRDA:28,0,0,1
BRDA:28,0,1,2
BRDA:39,1,0,1
BRDA:39,1,1,1
BRF:4
BRH:4
end_of_record
TN:
SF:models/User.js
FN:4,(anonymous_0)
FN:11,(anonymous_1)
FN:21,(anonymous_2)
FN:31,(anonymous_3)
FNF:4
FNH:4
FNDA:1,(anonymous_0)
FNDA:3,(anonymous_1)
FNDA:2,(anonymous_2)
FNDA:2,(anonymous_3)
DA:1,3
DA:5,1
DA:6,1
DA:7,1
DA:8,1
DA:12,3
DA:15,2
DA:16,2
DA:18,0
DA:22,2
DA:25,1
DA:26,1
DA:28,0
DA:32,2
DA:33,2
DA:37,1
DA:38,1
DA:39,0
DA:43,3
LF:19
LH:16
BRDA:15,0,0,2
BRDA:15,0,1,0
BRDA:25,1,0,1
BRDA:25,1,1,0
BRF:4
BRH:2
end_of_record
